<?xml version="1.0" encoding="UTF-8"?>
<testng-results skipped="0" failed="0" ignored="0" total="1" passed="1">
  <reporter-output>
  </reporter-output>
  <suite name="Default suite" duration-ms="6309" started-at="2023-05-02T20:19:33Z" finished-at="2023-05-02T20:19:40Z">
    <groups>
    </groups>
    <test name="Default test" duration-ms="6309" started-at="2023-05-02T20:19:33Z" finished-at="2023-05-02T20:19:40Z">
      <class name="test.CreateAccountPageTest">
        <test-method status="PASS" signature="setup()[pri:0, instance:test.CreateAccountPageTest@1e67a849]" name="setup" is-config="true" duration-ms="8452" started-at="2023-05-02T16:19:25Z" finished-at="2023-05-02T16:19:33Z">
          <reporter-output>
          </reporter-output>
        </test-method> <!-- setup -->
        <test-method status="PASS" signature="createaccountpagetest()[pri:0, instance:test.CreateAccountPageTest@1e67a849]" name="createaccountpagetest" duration-ms="6281" started-at="2023-05-02T16:19:33Z" finished-at="2023-05-02T16:19:40Z">
          <reporter-output>
          </reporter-output>
        </test-method> <!-- createaccountpagetest -->
      </class> <!-- test.CreateAccountPageTest -->
    </test> <!-- Default test -->
  </suite> <!-- Default suite -->
</testng-results>
